{"numTotalTestSuites":42,"numPassedTestSuites":35,"numFailedTestSuites":7,"numPendingTestSuites":0,"numTotalTests":43,"numPassedTests":10,"numFailedTests":33,"numPendingTests":0,"numTodoTests":0,"startTime":1763167994467,"success":false,"testResults":[{"assertionResults":[],"startTime":1763167994467,"endTime":1763167994467,"status":"failed","message":"Unexpected token 'typeof'","name":"/home/suportesaude/YUICHI/04-shadcn2tamagui/tamagui-components-final/tests/Tooltip.portal.test.tsx"},{"assertionResults":[],"startTime":1763167994467,"endTime":1763167994467,"status":"failed","message":"Unexpected token 'typeof'","name":"/home/suportesaude/YUICHI/04-shadcn2tamagui/tamagui-components-final/tests/Tooltip.spec.tsx"},{"assertionResults":[{"ancestorTitles":["","shadcn Tamagui configuration constants"],"fullName":" shadcn Tamagui configuration constants defines shadcn color tokens matching root theme","status":"passed","title":"defines shadcn color tokens matching root theme","duration":2,"failureMessages":[]},{"ancestorTitles":["","shadcn Tamagui configuration constants"],"fullName":" shadcn Tamagui configuration constants defines shadcn light theme values","status":"passed","title":"defines shadcn light theme values","duration":1,"failureMessages":[]},{"ancestorTitles":["","shadcn Tamagui configuration constants"],"fullName":" shadcn Tamagui configuration constants defines shadcn dark theme values","status":"passed","title":"defines shadcn dark theme values","duration":0,"failureMessages":[]},{"ancestorTitles":["","shadcn Tamagui configuration constants"],"fullName":" shadcn Tamagui configuration constants defines shadcn radius scale","status":"passed","title":"defines shadcn radius scale","duration":0,"failureMessages":[]}],"startTime":1763167997994,"endTime":1763167997997,"status":"passed","message":"","name":"/home/suportesaude/YUICHI/04-shadcn2tamagui/tamagui-components-final/tests/config.test.ts"},{"assertionResults":[{"ancestorTitles":["","Native snapshot coverage"],"fullName":" Native snapshot coverage renders primitives consistently across native renderer","status":"failed","title":"renders primitives consistently across native renderer","duration":77,"failureMessages":["Missing theme."],"location":{"line":59,"column":11}}],"startTime":1763168001692,"endTime":1763168001769,"status":"failed","message":"","name":"/home/suportesaude/YUICHI/04-shadcn2tamagui/tamagui-components-final/tests/native-primitives.spec.tsx"},{"assertionResults":[{"ancestorTitles":["","AppProviders"],"fullName":" AppProviders renders children with default theme","status":"passed","title":"renders children with default theme","duration":96,"failureMessages":[]},{"ancestorTitles":["","AppProviders"],"fullName":" AppProviders renders a Tamagui component with theme","status":"passed","title":"renders a Tamagui component with theme","duration":66,"failureMessages":[]},{"ancestorTitles":["","AppProviders"],"fullName":" AppProviders logs and rethrows component errors with timestamped metadata","status":"passed","title":"logs and rethrows component errors with timestamped metadata","duration":154,"failureMessages":[]},{"ancestorTitles":["","AppProviders"],"fullName":" AppProviders renders the TamaguiGallery sandbox app","status":"failed","title":"renders the TamaguiGallery sandbox app","duration":481,"failureMessages":["Missing theme."],"location":{"line":59,"column":11}}],"startTime":1763167998260,"endTime":1763167999058,"status":"failed","message":"","name":"/home/suportesaude/YUICHI/04-shadcn2tamagui/tamagui-components-final/tests/providers.spec.tsx"},{"assertionResults":[{"ancestorTitles":["","Simple Test"],"fullName":" Simple Test should render a button","status":"failed","title":"should render a button","duration":38,"failureMessages":["Missing theme."],"location":{"line":241,"column":3}}],"startTime":1763168003056,"endTime":1763168003094,"status":"failed","message":"","name":"/home/suportesaude/YUICHI/04-shadcn2tamagui/tamagui-components-final/tests/simple.spec.tsx"},{"assertionResults":[],"startTime":1763167994467,"endTime":1763167994467,"status":"failed","message":"Unexpected token 'typeof'","name":"/home/suportesaude/YUICHI/04-shadcn2tamagui/tamagui-components-final/tests/native/Popover.spec.tsx"},{"assertionResults":[],"startTime":1763167994467,"endTime":1763167994467,"status":"failed","message":"Unexpected token 'typeof'","name":"/home/suportesaude/YUICHI/04-shadcn2tamagui/tamagui-components-final/tests/native/Select.spec.tsx"},{"assertionResults":[],"startTime":1763167994467,"endTime":1763167994467,"status":"failed","message":"Unexpected token 'typeof'","name":"/home/suportesaude/YUICHI/04-shadcn2tamagui/tamagui-components-final/tests/native/button.spec.tsx"},{"assertionResults":[],"startTime":1763167994467,"endTime":1763167994467,"status":"failed","message":"Unexpected token 'typeof'","name":"/home/suportesaude/YUICHI/04-shadcn2tamagui/tamagui-components-final/tests/native/stack.spec.tsx"},{"assertionResults":[],"startTime":1763167994467,"endTime":1763167994467,"status":"failed","message":"Unexpected token 'typeof'","name":"/home/suportesaude/YUICHI/04-shadcn2tamagui/tamagui-components-final/tests/native/stateful-select.spec.tsx"},{"assertionResults":[{"ancestorTitles":["","Typography (Native)"],"fullName":" Typography (Native) renders a Heading with default level","status":"failed","title":"renders a Heading with default level","duration":67,"failureMessages":["Snapshot `Typography (Native) > renders a Heading with default level 1` mismatched"],"location":{"line":20,"column":18}},{"ancestorTitles":["","Typography (Native)"],"fullName":" Typography (Native) renders a Heading with level 1","status":"failed","title":"renders a Heading with level 1","duration":13,"failureMessages":["Snapshot `Typography (Native) > renders a Heading with level 1 1` mismatched"],"location":{"line":31,"column":18}},{"ancestorTitles":["","Typography (Native)"],"fullName":" Typography (Native) renders TypographyText","status":"failed","title":"renders TypographyText","duration":8,"failureMessages":["Snapshot `Typography (Native) > renders TypographyText 1` mismatched"],"location":{"line":42,"column":18}},{"ancestorTitles":["","Typography (Native)"],"fullName":" Typography (Native) renders MutedText","status":"failed","title":"renders MutedText","duration":6,"failureMessages":["Snapshot `Typography (Native) > renders MutedText 1` mismatched"],"location":{"line":53,"column":18}},{"ancestorTitles":["","Typography (Native)"],"fullName":" Typography (Native) renders LeadText","status":"failed","title":"renders LeadText","duration":7,"failureMessages":["Snapshot `Typography (Native) > renders LeadText 1` mismatched"],"location":{"line":64,"column":18}},{"ancestorTitles":["","Typography (Native)"],"fullName":" Typography (Native) renders Blockquote","status":"passed","title":"renders Blockquote","duration":5,"failureMessages":[]}],"startTime":1763167998176,"endTime":1763167998282,"status":"failed","message":"","name":"/home/suportesaude/YUICHI/04-shadcn2tamagui/tamagui-components-final/tests/native/typography.spec.tsx"},{"assertionResults":[{"ancestorTitles":["","Button (Web)"],"fullName":" Button (Web) renders default variant with Tamagui providers","status":"failed","title":"renders default variant with Tamagui providers","duration":93,"failureMessages":["Missing theme."],"location":{"line":59,"column":11}},{"ancestorTitles":["","Button (Web)"],"fullName":" Button (Web) applies size + variant styles","status":"failed","title":"applies size + variant styles","duration":18,"failureMessages":["Missing theme."],"location":{"line":59,"column":11}},{"ancestorTitles":["","Button (Web)"],"fullName":" Button (Web) responds to hover and focus interactions","status":"failed","title":"responds to hover and focus interactions","duration":17,"failureMessages":["Missing theme."],"location":{"line":59,"column":11}}],"startTime":1763168000830,"endTime":1763168000958,"status":"failed","message":"","name":"/home/suportesaude/YUICHI/04-shadcn2tamagui/tamagui-components-final/tests/web/Button.spec.tsx"},{"assertionResults":[{"ancestorTitles":["","RadioGroup"],"fullName":" RadioGroup renders items and allows changing the selection","status":"failed","title":"renders items and allows changing the selection","duration":77,"failureMessages":["Missing theme."],"location":{"line":59,"column":11}},{"ancestorTitles":["","RadioGroup"],"fullName":" RadioGroup invokes onValueChange when the value changes","status":"failed","title":"invokes onValueChange when the value changes","duration":11,"failureMessages":["Missing theme."],"location":{"line":59,"column":11}},{"ancestorTitles":["","RadioGroup"],"fullName":" RadioGroup logs a warning when rendered without a visible label","status":"failed","title":"logs a warning when rendered without a visible label","duration":11,"failureMessages":["Missing theme."],"location":{"line":59,"column":11}},{"ancestorTitles":["","RadioGroup"],"fullName":" RadioGroup navigates and selects with keyboard arrows","status":"failed","title":"navigates and selects with keyboard arrows","duration":12,"failureMessages":["Missing theme."],"location":{"line":59,"column":11}}],"startTime":1763167998024,"endTime":1763167998135,"status":"failed","message":"","name":"/home/suportesaude/YUICHI/04-shadcn2tamagui/tamagui-components-final/tests/web/Radio.spec.tsx"},{"assertionResults":[{"ancestorTitles":["","Button (legacy smoke)"],"fullName":" Button (legacy smoke) renders primary variant via shared helper","status":"failed","title":"renders primary variant via shared helper","duration":120,"failureMessages":["Missing theme."],"location":{"line":59,"column":11}}],"startTime":1763168003177,"endTime":1763168003297,"status":"failed","message":"","name":"/home/suportesaude/YUICHI/04-shadcn2tamagui/tamagui-components-final/tests/web/button.spec.tsx"},{"assertionResults":[{"ancestorTitles":["","TamaguiGallery"],"fullName":" TamaguiGallery lists implemented components","status":"failed","title":"lists implemented components","duration":412,"failureMessages":["Missing theme."],"location":{"line":59,"column":11}}],"startTime":1763168005375,"endTime":1763168005787,"status":"failed","message":"","name":"/home/suportesaude/YUICHI/04-shadcn2tamagui/tamagui-components-final/tests/web/gallery.spec.tsx"},{"assertionResults":[{"ancestorTitles":["","Select"],"fullName":" Select renders and allows selecting an item","status":"failed","title":"renders and allows selecting an item","duration":78,"failureMessages":["Missing theme."],"location":{"line":59,"column":11}},{"ancestorTitles":["","Select"],"fullName":" Select logs a warning when Select.Content receives no options","status":"failed","title":"logs a warning when Select.Content receives no options","duration":16,"failureMessages":["Missing theme."],"location":{"line":59,"column":11}},{"ancestorTitles":["","Select","Keyboard Interactions"],"fullName":" Select Keyboard Interactions opens with Space, navigates with arrows, selects with Enter","status":"failed","title":"opens with Space, navigates with arrows, selects with Enter","duration":15,"failureMessages":["Missing theme."],"location":{"line":59,"column":11}},{"ancestorTitles":["","Select","Keyboard Interactions"],"fullName":" Select Keyboard Interactions returns focus to the trigger on close","status":"failed","title":"returns focus to the trigger on close","duration":11,"failureMessages":["Missing theme."],"location":{"line":59,"column":11}}],"startTime":1763168005362,"endTime":1763168005483,"status":"failed","message":"","name":"/home/suportesaude/YUICHI/04-shadcn2tamagui/tamagui-components-final/tests/web/select.spec.tsx"},{"assertionResults":[{"ancestorTitles":["","Stack primitives"],"fullName":" Stack primitives renders vertical stack by default","status":"failed","title":"renders vertical stack by default","duration":161,"failureMessages":["Snapshot `Stack primitives > renders vertical stack by default 1` mismatched"],"location":{"line":17,"column":23}},{"ancestorTitles":["","Stack primitives"],"fullName":" Stack primitives renders horizontal and vertical shortcuts","status":"passed","title":"renders horizontal and vertical shortcuts","duration":27,"failureMessages":[]}],"startTime":1763168005377,"endTime":1763168005565,"status":"failed","message":"","name":"/home/suportesaude/YUICHI/04-shadcn2tamagui/tamagui-components-final/tests/web/stack.spec.tsx"},{"assertionResults":[{"ancestorTitles":["","StatefulSelect"],"fullName":" StatefulSelect renders and allows selecting an item","status":"failed","title":"renders and allows selecting an item","duration":82,"failureMessages":["Missing theme."],"location":{"line":59,"column":11}},{"ancestorTitles":["","StatefulSelect"],"fullName":" StatefulSelect logs a warning when Select.Content receives no options","status":"failed","title":"logs a warning when Select.Content receives no options","duration":20,"failureMessages":["Missing theme."],"location":{"line":59,"column":11}}],"startTime":1763168005361,"endTime":1763168005463,"status":"failed","message":"","name":"/home/suportesaude/YUICHI/04-shadcn2tamagui/tamagui-components-final/tests/web/stateful-select.spec.tsx"},{"assertionResults":[{"ancestorTitles":["","Typography primitives"],"fullName":" Typography primitives renders heading with default level","status":"failed","title":"renders heading with default level","duration":148,"failureMessages":["Snapshot `Typography primitives > renders heading with default level 1` mismatched"],"location":{"line":15,"column":26}},{"ancestorTitles":["","Typography primitives"],"fullName":" Typography primitives renders text variations","status":"failed","title":"renders text variations","duration":18,"failureMessages":["Snapshot `Typography primitives > renders text variations 1` mismatched"],"location":{"line":34,"column":23}}],"startTime":1763168005376,"endTime":1763168005542,"status":"failed","message":"","name":"/home/suportesaude/YUICHI/04-shadcn2tamagui/tamagui-components-final/tests/web/typography.spec.tsx"},{"assertionResults":[{"ancestorTitles":["","RadioGroup"],"fullName":" RadioGroup renders with items and allows selection","status":"failed","title":"renders with items and allows selection","duration":166,"failureMessages":["Missing theme."],"location":{"line":59,"column":11}},{"ancestorTitles":["","RadioGroup"],"fullName":" RadioGroup navigates with arrow keys","status":"failed","title":"navigates with arrow keys","duration":61,"failureMessages":["Missing theme."],"location":{"line":59,"column":11}},{"ancestorTitles":["","RadioGroup"],"fullName":" RadioGroup disables items correctly","status":"failed","title":"disables items correctly","duration":106,"failureMessages":["Missing theme."],"location":{"line":59,"column":11}}],"startTime":1763167998166,"endTime":1763167998499,"status":"failed","message":"","name":"/home/suportesaude/YUICHI/04-shadcn2tamagui/tamagui-components-final/tests/web/forms/radiogroup.spec.tsx"},{"assertionResults":[{"ancestorTitles":["","Textarea"],"fullName":" Textarea renders multiline textbox with accessible label and default styles","status":"failed","title":"renders multiline textbox with accessible label and default styles","duration":226,"failureMessages":["Snapshot `Textarea > renders multiline textbox with accessible label and default styles 1` mismatched"],"location":{"line":18,"column":26}},{"ancestorTitles":["","Textarea"],"fullName":" Textarea supports resize variants and invalid state","status":"passed","title":"supports resize variants and invalid state","duration":85,"failureMessages":[]}],"startTime":1763168000879,"endTime":1763168001190,"status":"failed","message":"","name":"/home/suportesaude/YUICHI/04-shadcn2tamagui/tamagui-components-final/tests/web/forms/textarea.spec.tsx"},{"assertionResults":[{"ancestorTitles":["","Dialog"],"fullName":" Dialog renders dialog content correctly","status":"failed","title":"renders dialog content correctly","duration":131,"failureMessages":["Missing theme."],"location":{"line":59,"column":11}},{"ancestorTitles":["","Dialog"],"fullName":" Dialog calls onOpenChange when overlay is clicked","status":"failed","title":"calls onOpenChange when overlay is clicked","duration":49,"failureMessages":["Missing theme."],"location":{"line":59,"column":11}}],"startTime":1763167998177,"endTime":1763167998357,"status":"failed","message":"","name":"/home/suportesaude/YUICHI/04-shadcn2tamagui/tamagui-components-final/tests/web/overlays/dialog.spec.tsx"},{"assertionResults":[{"ancestorTitles":["","Popover"],"fullName":" Popover opens and closes the popover","status":"failed","title":"opens and closes the popover","duration":290,"failureMessages":["Unable to find an accessible element with the role \"button\" and name `/open popover/i`\n\nThere are no accessible roles. But there might be some inaccessible roles. If you wish to access them, then set the `hidden` option to `true`. Learn more about this here: https://testing-library.com/docs/dom-testing-library/api-queries#byrole\n\nIgnored nodes: comments, script, style\n\u001b[36m<body\u001b[39m\n  \u001b[33mclass\u001b[39m=\u001b[32m\"t_dark\"\u001b[39m\n\u001b[36m>\u001b[39m\n  \u001b[36m<div>\u001b[39m\n    \u001b[36m<span\u001b[39m\n      \u001b[33mclass\u001b[39m=\u001b[32m\"\"\u001b[39m\n      \u001b[33mstyle\u001b[39m=\u001b[32m\"display: contents;\"\u001b[39m\n    \u001b[36m>\u001b[39m\n      \u001b[36m<span\u001b[39m\n        \u001b[33mclass\u001b[39m=\u001b[32m\" \"\u001b[39m\n        \u001b[33mstyle\u001b[39m=\u001b[32m\"display: contents;\"\u001b[39m\n      \u001b[36m>\u001b[39m\n        \u001b[36m<span\u001b[39m\n          \u001b[33mclass\u001b[39m=\u001b[32m\" t_dark is_Theme\"\u001b[39m\n          \u001b[33mstyle\u001b[39m=\u001b[32m\"display: contents;\"\u001b[39m\n        \u001b[36m>\u001b[39m\n          \u001b[36m<span\u001b[39m\n            \u001b[33mclass\u001b[39m=\u001b[32m\" \"\u001b[39m\n            \u001b[33mstyle\u001b[39m=\u001b[32m\"display: contents;\"\u001b[39m\n          \u001b[36m>\u001b[39m\n            \u001b[36m<span\u001b[39m\n              \u001b[33mclass\u001b[39m=\u001b[32m\"t_sub_theme t_dark is_Theme\"\u001b[39m\n              \u001b[33mstyle\u001b[39m=\u001b[32m\"display: contents;\"\u001b[39m\n            \u001b[36m/>\u001b[39m\n          \u001b[36m</span>\u001b[39m\n          \u001b[36m<div\u001b[39m\n            \u001b[33mstyle\u001b[39m=\u001b[32m\"display: contents;\"\u001b[39m\n          \u001b[36m/>\u001b[39m\n          \u001b[36m<div\u001b[39m\n            \u001b[33mstyle\u001b[39m=\u001b[32m\"display: contents;\"\u001b[39m\n          \u001b[36m/>\u001b[39m\n        \u001b[36m</span>\u001b[39m\n      \u001b[36m</span>\u001b[39m\n    \u001b[36m</span>\u001b[39m\n  \u001b[36m</div>\u001b[39m\n\u001b[36m</body>\u001b[39m"],"location":{"line":37,"column":19}}],"startTime":1763168000997,"endTime":1763168001287,"status":"failed","message":"","name":"/home/suportesaude/YUICHI/04-shadcn2tamagui/tamagui-components-final/tests/web/overlays/popover.spec.tsx"}]}
[tamagui] 🔄 Worker cache cleared (config changed)
